[debug] [2021-07-28T09:40:56.054Z] ----------------------------------------------------------------------
[debug] [2021-07-28T09:40:56.056Z] Command:       C:\Program Files\nodejs\node.exe C:\Users\nihil\AppData\Roaming\npm\node_modules\firebase-tools\lib\bin\firebase.js init
[debug] [2021-07-28T09:40:56.057Z] CLI Version:   9.16.0
[debug] [2021-07-28T09:40:56.058Z] Platform:      win32
[debug] [2021-07-28T09:40:56.058Z] Node Version:  v14.16.0
[debug] [2021-07-28T09:40:56.059Z] Time:          Wed Jul 28 2021 15:10:56 GMT+0530 (India Standard Time)
[debug] [2021-07-28T09:40:56.060Z] ----------------------------------------------------------------------
[debug] 
[debug] [2021-07-28T09:40:56.069Z] > command requires scopes: ["email","openid","https://www.googleapis.com/auth/cloudplatformprojects.readonly","https://www.googleapis.com/auth/firebase","https://www.googleapis.com/auth/cloud-platform"]
[debug] [2021-07-28T09:40:56.069Z] > authorizing via signed-in user (nikhil.kumardas2020@vitbhopal.ac.in)
[info] 
     ######## #### ########  ######## ########     ###     ######  ########
     ##        ##  ##     ## ##       ##     ##  ##   ##  ##       ##
     ######    ##  ########  ######   ########  #########  ######  ######
     ##        ##  ##    ##  ##       ##     ## ##     ##       ## ##
     ##       #### ##     ## ######## ########  ##     ##  ######  ########

You're about to initialize a Firebase project in this directory:

  D:\DSC Task\DSC-task

[info] 
=== Project Setup
[info] 
[info] First, let's associate this project directory with a Firebase project.
[info] You can create multiple project aliases by running firebase use --add, 
[info] but for now we'll just set up a default project.
[info] 
[debug] [2021-07-28T09:41:11.833Z] >>> [apiv2][query] GET https://firebase.googleapis.com/v1beta1/projects pageSize=100
[debug] [2021-07-28T09:41:12.590Z] <<< [apiv2][status] GET https://firebase.googleapis.com/v1beta1/projects 200
[debug] [2021-07-28T09:41:12.590Z] <<< [apiv2][body] GET https://firebase.googleapis.com/v1beta1/projects [omitted]
[info] i  Using project dsc-task (DSC-Task) 
[info] 
=== Hosting Setup
[info] 
[info] Your public directory is the folder (relative to your project directory) that
[info] will contain Hosting assets to be uploaded with firebase deploy. If you
[info] have a build process for your assets, use your build's output directory.
[info] 
[debug] [2021-07-28T09:41:42.691Z] >>> [apiv2][query] GET https://www.gstatic.com/firebasejs/releases.json [none]
[debug] [2021-07-28T09:41:42.883Z] <<< [apiv2][status] GET https://www.gstatic.com/firebasejs/releases.json 200
[debug] [2021-07-28T09:41:42.884Z] <<< [apiv2][body] GET https://www.gstatic.com/firebasejs/releases.json {"current":{"version":"8.8.0","browserURL":"https://www.gstatic.com/firebasejs/8.8.0/firebase.js","packageURL":"https://www.gstatic.com/firebasejs/8.8.0/firebase.tgz"},"live":{"version":"8.8","browserURL":"https://www.gstatic.com/firebasejs/live/8.8/firebase.js","packageURL":"https://www.gstatic.com/firebasejs/live/8.8/firebase.tgz"},"components":{"analytics":"https://www.gstatic.com/firebasejs/8.8.0/firebase-analytics.js","app":"https://www.gstatic.com/firebasejs/8.8.0/firebase-app.js","app-check":"https://www.gstatic.com/firebasejs/8.8.0/firebase-app-check.js","auth":"https://www.gstatic.com/firebasejs/8.8.0/firebase-auth.js","database":"https://www.gstatic.com/firebasejs/8.8.0/firebase-database.js","firestore":"https://www.gstatic.com/firebasejs/8.8.0/firebase-firestore.js","functions":"https://www.gstatic.com/firebasejs/8.8.0/firebase-functions.js","installations":"https://www.gstatic.com/firebasejs/8.8.0/firebase-installations.js","messaging":"https://www.gstatic.com/firebasejs/8.8.0/firebase-messaging.js","storage":"https://www.gstatic.com/firebasejs/8.8.0/firebase-storage.js","performance":"https://www.gstatic.com/firebasejs/8.8.0/firebase-performance.js","remote-config":"https://www.gstatic.com/firebasejs/8.8.0/firebase-remote-config.js","firestore.memory":"https://www.gstatic.com/firebasejs/8.8.0/firebase-firestore.memory.js"}}
[info] i  Skipping write of dist/DSC-Task/index.html 
[info] 
=== Hosting:github Setup
[info] 
[info] i  Detected a .git folder at D:\DSC Task\DSC-task 
[info] i  Authorizing with GitHub to upload your service account to a GitHub repository's secrets store. 
[info] 
[info] Visit this URL on this device to log in:
[info] https://github.com/login/oauth/authorize?client_id=89cf50f02ac6aaed3484&state=611601061&redirect_uri=http%3A%2F%2Flocalhost%3A9005&scope=read%3Auser%20repo%20public_repo
[info] 
[info] Waiting for authentication...
[debug] [2021-07-28T09:41:47.774Z] >>> HTTP REQUEST POST https://github.com/login/oauth/access_token  
 {"client_id":"89cf50f02ac6aaed3484","client_secret":"3330d14abc895d9a74d5f17cd7a00711fa2c5bf0","code":"48f00601f1263586416b","redirect_uri":"http://localhost:9005","state":"611601061"}
[debug] [2021-07-28T09:41:48.238Z] <<< HTTP RESPONSE 200 {"server":"GitHub.com","date":"Wed, 28 Jul 2021 09:41:46 GMT","content-type":"application/json; charset=utf-8","transfer-encoding":"chunked","vary":"X-PJAX, Accept-Encoding, Accept, X-Requested-With","permissions-policy":"interest-cohort=()","etag":"W/\"39bfa374d96a7bfbf3c43639746b9817\"","cache-control":"max-age=0, private, must-revalidate","strict-transport-security":"max-age=31536000; includeSubdomains; preload","x-frame-options":"deny","x-content-type-options":"nosniff","x-xss-protection":"0","referrer-policy":"origin-when-cross-origin, strict-origin-when-cross-origin","expect-ct":"max-age=2592000, report-uri=\"https://api.github.com/_private/browser/errors\"","content-security-policy":"default-src 'none'; base-uri 'self'; block-all-mixed-content; connect-src 'self' uploads.github.com www.githubstatus.com collector.githubapp.com api.github.com github-cloud.s3.amazonaws.com github-production-repository-file-5c1aeb.s3.amazonaws.com github-production-upload-manifest-file-7fdce7.s3.amazonaws.com github-production-user-asset-6210df.s3.amazonaws.com cdn.optimizely.com logx.optimizely.com/v1/events translator.github.com wss://alive.github.com; font-src github.githubassets.com; form-action 'self' github.com gist.github.com; frame-ancestors 'none'; frame-src render.githubusercontent.com render-temp.githubusercontent.com viewscreen.githubusercontent.com; img-src 'self' data: github.githubassets.com identicons.github.com collector.githubapp.com github-cloud.s3.amazonaws.com secured-user-images.githubusercontent.com/ *.githubusercontent.com; manifest-src 'self'; media-src 'none'; script-src github.githubassets.com; style-src 'unsafe-inline' github.githubassets.com; worker-src github.com/socket-worker-3f088aa2.js gist.github.com/socket-worker-3f088aa2.js","x-github-request-id":"F097:7539:4014D:5485F:6101265A"}
[debug] [2021-07-28T09:41:48.260Z] >>> [apiv2][query] GET https://api.github.com/user [none]
[debug] [2021-07-28T09:41:48.666Z] <<< [apiv2][status] GET https://api.github.com/user 200
[debug] [2021-07-28T09:41:48.667Z] <<< [apiv2][body] GET https://api.github.com/user {"login":"NikhilKD","id":72371791,"node_id":"MDQ6VXNlcjcyMzcxNzkx","avatar_url":"https://avatars.githubusercontent.com/u/72371791?v=4","gravatar_id":"","url":"https://api.github.com/users/NikhilKD","html_url":"https://github.com/NikhilKD","followers_url":"https://api.github.com/users/NikhilKD/followers","following_url":"https://api.github.com/users/NikhilKD/following{/other_user}","gists_url":"https://api.github.com/users/NikhilKD/gists{/gist_id}","starred_url":"https://api.github.com/users/NikhilKD/starred{/owner}{/repo}","subscriptions_url":"https://api.github.com/users/NikhilKD/subscriptions","organizations_url":"https://api.github.com/users/NikhilKD/orgs","repos_url":"https://api.github.com/users/NikhilKD/repos","events_url":"https://api.github.com/users/NikhilKD/events{/privacy}","received_events_url":"https://api.github.com/users/NikhilKD/received_events","type":"User","site_admin":false,"name":"Nikhil Kumar Das","company":null,"blog":"","location":"India","email":null,"hireable":null,"bio":"love coding","twitter_username":null,"public_repos":32,"public_gists":1,"followers":0,"following":0,"created_at":"2020-10-05T04:47:13Z","updated_at":"2021-07-19T16:36:37Z","private_gists":1,"total_private_repos":0,"owned_private_repos":0,"disk_usage":100786,"collaborators":0,"two_factor_authentication":false,"plan":{"name":"pro","space":976562499,"collaborators":0,"private_repos":9999}}
[info] 
[info] +  Success! Logged into GitHub as NikhilKD 
[info] 
